<?xml version="1.0" encoding="UTF-8"?>
<testsuite name="CoinCombinationsTest" tests="6" skipped="0" failures="0" errors="0" timestamp="2016-04-21T17:13:00" hostname="epicodus-92.local" time="0.001">
  <properties/>
  <testcase name="changeMaker_returnChangeString_oneQuarter" classname="CoinCombinationsTest" time="0.001"/>
  <testcase name="changeMaker_returnChangeString_oneDime" classname="CoinCombinationsTest" time="0.0"/>
  <testcase name="changeMaker_returnChangeString_oneQuarterOneNickel" classname="CoinCombinationsTest" time="0.0"/>
  <testcase name="changeMaker_returnChangeString_oneNickel" classname="CoinCombinationsTest" time="0.0"/>
  <testcase name="changeMaker_returnChangeString_threeQuartersOneDimeFourPennies" classname="CoinCombinationsTest" time="0.0"/>
  <testcase name="changeMaker_returnChangeString_onePenny" classname="CoinCombinationsTest" time="0.0"/>
  <system-out><![CDATA[]]></system-out>
  <system-err><![CDATA[]]></system-err>
</testsuite>
