<?xml version="1.0" encoding="UTF-8"?>
<testsuite name="CoinCombinationsTest" tests="8" skipped="0" failures="0" errors="0" timestamp="2016-04-21T18:05:01" hostname="epicodus-92.local" time="0.362">
  <properties/>
  <testcase name="changeMaker_returnChangeString_oneQuarter" classname="CoinCombinationsTest" time="0.003"/>
  <testcase name="changeMaker_returnChangeString_oneDime" classname="CoinCombinationsTest" time="0.0"/>
  <testcase name="resultTest" classname="CoinCombinationsTest" time="0.321"/>
  <testcase name="changeMaker_returnChangeString_oneQuarterOneNickel" classname="CoinCombinationsTest" time="0.0"/>
  <testcase name="changeMaker_returnChangeString_oneNickel" classname="CoinCombinationsTest" time="0.0"/>
  <testcase name="rootTest" classname="CoinCombinationsTest" time="0.008"/>
  <testcase name="changeMaker_returnChangeString_threeQuartersOneDimeFourPennies" classname="CoinCombinationsTest" time="0.0"/>
  <testcase name="changeMaker_returnChangeString_onePenny" classname="CoinCombinationsTest" time="0.001"/>
  <system-out><![CDATA[]]></system-out>
  <system-err><![CDATA[[Thread-4] INFO org.eclipse.jetty.util.log - Logging initialized @538ms
[Thread-4] INFO spark.webserver.JettySparkServer - == Spark has ignited ...
[Thread-4] INFO spark.webserver.JettySparkServer - >> Listening on 0.0.0.0:4567
[Thread-4] INFO org.eclipse.jetty.server.Server - jetty-9.3.2.v20150730
[Thread-4] INFO org.eclipse.jetty.server.ServerConnector - Started ServerConnector@96bb3cf{HTTP/1.1,[http/1.1]}{0.0.0.0:4567}
[Thread-4] INFO org.eclipse.jetty.server.Server - Started @619ms
Apr 21, 2016 11:05:01 AM com.gargoylesoftware.htmlunit.html.InputElementFactory createElementNS
INFO: Bad input type: "number", creating a text input
Apr 21, 2016 11:05:01 AM com.gargoylesoftware.htmlunit.html.InputElementFactory createElementNS
INFO: Bad input type: "number", creating a text input
[Test worker] INFO spark.webserver.JettySparkServer - >>> Spark shutting down ...
[Test worker] INFO org.eclipse.jetty.server.ServerConnector - Stopped ServerConnector@96bb3cf{HTTP/1.1,[http/1.1]}{0.0.0.0:4567}
[Test worker] INFO spark.webserver.JettySparkServer - done
]]></system-err>
</testsuite>
